23:50:15 **** Incremental Build of configuration Debug for project dht11_stm32 ****
make -j8 all 
arm-none-eabi-gcc "../Core/Src/main.c" -mcpu=cortex-m3 -std=gnu11 -g3 -DDEBUG -DUSE_HAL_DRIVER -DSTM32F103xB -c -I../Core/Inc -I../Drivers/STM32F1xx_HAL_Driver/Inc/Legacy -I../Drivers/STM32F1xx_HAL_Driver/Inc -I../Drivers/CMSIS/Device/ST/STM32F1xx/Include -I../Drivers/CMSIS/Include -O0 -ffunction-sections -fdata-sections -Wall -fstack-usage -fcyclomatic-complexity -MMD -MP -MF"Core/Src/main.d" -MT"Core/Src/main.o" --specs=nano.specs -mfloat-abi=soft -mthumb -o "Core/Src/main.o"
arm-none-eabi-gcc -o "dht11_stm32.elf" @"objects.list"   -mcpu=cortex-m3 -T"D:\stm32_cube\dht11_stm32\STM32F103C8TX_FLASH.ld" --specs=nosys.specs -Wl,-Map="dht11_stm32.map" -Wl,--gc-sections -static --specs=nano.specs -mfloat-abi=soft -mthumb -u _printf_float -u _scanf_float -Wl,--start-group -lc -lm -Wl,--end-group
D:/STM32CubeIDE_1.17.0/STM32CubeIDE/plugins/com.st.stm32cube.ide.mcu.externaltools.gnu-tools-for-stm32.12.3.rel1.win32_1.1.0.202410251130/tools/bin/../lib/gcc/arm-none-eabi/12.3.1/../../../../arm-none-eabi/bin/ld.exe: ./Core/Src/main.o: in function `DHT11_Read':
D:/stm32_cube/dht11_stm32/Debug/../Core/Src/main.c:39: multiple definition of `DHT11_Read'; ./Core/Src/dht11.o:D:/stm32_cube/dht11_stm32/Debug/../Core/Src/dht11.c:35: first defined here
collect2.exe: error: ld returned 1 exit status
make: *** [makefile:67: dht11_stm32.elf] Error 1
"make -j8 all" terminated with exit code 2. Build might be incomplete.

23:50:16 Build Failed. 2 errors, 0 warnings. (took 877ms)

